A51 MACRO ASSEMBLER  IR_TX                                                                05/23/2022 21:55:41 PAGE     1


MACRO ASSEMBLER A51 V8.2.7.0
OBJECT MODULE PLACED IN .\Objects\ir_tx.obj
ASSEMBLER INVOKED BY: C:\Keil_v5\C51\BIN\A51.EXE ir_tx.a51 SET(SMALL) DEBUG PRINT(.\Listings\ir_tx.lst) OBJECT(.\Objects
                      \ir_tx.obj) EP

LOC  OBJ            LINE     SOURCE

                       1     
  00EA                 2     KEY_CTL    DATA   0EAH
  00EB                 3     KEY1_DAtA   DATA  0EBH
  00EC                 4     KEY2_DATA   DATA  0ECH
                       5     
  00F1                 6     IR_TX_CTL   DATA  0F1H
  00F2                 7     IR_TX1      DATA  0F2H
  00F3                 8     IR_TX2      DATA  0F3H
  00F4                 9     IR_TX3      DATA  0F4H
  00F5                10     IR_TX4      DATA  0F5H
                      11     
0300                  12             ORG      300h
0300                  13     KEYCODE_TABLE:  
0300 F0               14                 DB  0F0H     
0301 31               15                 DB  031H     
0302 01               16                 DB  001H     
0303 00               17                 DB  000H     
0304 10               18                 DB  010H     
0305 20               19                 DB  020H     
0306 30               20                 DB  030H     
0307 40               21                 DB  040H     
0308 50               22                 DB  050H     
0309 60               23                 DB  060H     
030A 70               24                 DB  070H     
030B 80               25                 DB  080H     
030C 90               26                 DB  090H     
030D 21               27                 DB  021H     
030E A1               28                 DB  0A1H     
030F E1               29                 DB  0E1H     
                      30     
                      31       
0000                  32         ORG     0000h
0000 803E             33         JMP     MAIN
                      34         
0040                  35         ORG     0040h    
0040                  36     MAIN: 
0040 758170           37         MOV     SP,#70H      
0043 75EA01           38         MOV     KEY_CTL,#01H   
                      39                  
0046                  40     MAIN_0: 
0046 E5EA             41         MOV     A,KEY_CTL
0048 20E412           42         JB      ACC.4,KEY_PRESSED        
004B 20E502           43         JB      ACC.5,KEY_REPEAT         
004E 80F6             44         JMP     MAIN_0
                      45         
0050                  46     KEY_REPEAT:
0050 75F102           47         MOV     IR_TX_CTL,#02H              
0053                  48     KEY_REPEAT_0:
0053 E5F1             49         MOV     A,IR_TX_CTL
0055 30E4FB           50         JNB     ACC.4,KEY_REPEAT_0       
0058 75F100           51             MOV     IR_TX_CTL,#00H           
005B 80E9             52         JMP     MAIN_0    
                      53         
005D                  54     KEY_PRESSED:
005D 7F00             55         MOV     R7,#0                   
005F 7908             56         MOV     R1,#08H    
                      57             
A51 MACRO ASSEMBLER  IR_TX                                                                05/23/2022 21:55:41 PAGE     2

0061 E5EB             58         MOV     A,KEY1_DATA
0063                  59     KEY_PRESSED_0:
0063 20E00F           60         JB      ACC.0,KEY_FIND
0066 03               61         RR      A
0067 0F               62         INC     R7         
0068 D9F9             63         DJNZ    R1,KEY_PRESSED_0
                      64         
006A 7908             65         MOV     R1,#08H
006C E5EC             66         MOV     A,KEY2_DATA
006E                  67     KEY_PRESSED_1:
006E 20E004           68         JB      ACC.0,KEY_FIND
0071 03               69         RR      A
0072 0F               70         INC     R7         
0073 D9F9             71         DJNZ    R1,KEY_PRESSED_1    
                      72         
                      73         
0075                  74     KEY_FIND:                 
                      75         
0075 75F268           76         MOV     IR_TX1,#068H            
0078 75F3B6           77         MOV     IR_TX2,#0B6H
                      78         
                      79         
007B 900300           80         MOV     DPTR,#KEYCODE_TABLE
007E EF               81         MOV     A,R7                    
007F 93               82         MOVC    A,@A+DPTR
0080 F5F4             83         MOV     IR_TX3,A
                      84         
0082 64FF             85         XRL     A,#0FFH                 
0084 F5F5             86         MOV     IR_TX4,A
                      87         
0086 75F101           88         MOV     IR_TX_CTL,#01H          
                      89         
0089                  90     KEY_PRESSED_WAIT:    
0089 E5F1             91         MOV     A,IR_TX_CTL
008B 30E4FB           92         JNB     ACC.4,KEY_PRESSED_WAIT       
008E 75F100           93             MOV     IR_TX_CTL,#00H          
0091 80B3             94         JMP     MAIN_0
                      95       
                      96         
                      97         END
A51 MACRO ASSEMBLER  IR_TX                                                                05/23/2022 21:55:41 PAGE     3

SYMBOL TABLE LISTING
------ ----- -------


N A M E             T Y P E  V A L U E   ATTRIBUTES

ACC. . . . . . . .  D ADDR   00E0H   A   
IR_TX1 . . . . . .  D ADDR   00F2H   A   
IR_TX2 . . . . . .  D ADDR   00F3H   A   
IR_TX3 . . . . . .  D ADDR   00F4H   A   
IR_TX4 . . . . . .  D ADDR   00F5H   A   
IR_TX_CTL. . . . .  D ADDR   00F1H   A   
KEY1_DATA. . . . .  D ADDR   00EBH   A   
KEY2_DATA. . . . .  D ADDR   00ECH   A   
KEYCODE_TABLE. . .  C ADDR   0300H   A   
KEY_CTL. . . . . .  D ADDR   00EAH   A   
KEY_FIND . . . . .  C ADDR   0075H   A   
KEY_PRESSED. . . .  C ADDR   005DH   A   
KEY_PRESSED_0. . .  C ADDR   0063H   A   
KEY_PRESSED_1. . .  C ADDR   006EH   A   
KEY_PRESSED_WAIT .  C ADDR   0089H   A   
KEY_REPEAT . . . .  C ADDR   0050H   A   
KEY_REPEAT_0 . . .  C ADDR   0053H   A   
MAIN . . . . . . .  C ADDR   0040H   A   
MAIN_0 . . . . . .  C ADDR   0046H   A   
SP . . . . . . . .  D ADDR   0081H   A   


REGISTER BANK(S) USED: 0 


ASSEMBLY COMPLETE.  0 WARNING(S), 0 ERROR(S)
